<?xml version="1.0" encoding="UTF-8"?>
<!-- Generated by org.testng.reporters.JUnitReportReporter -->
<testsuite hostname="LAPTOP-PQCP03FT" failures="0" tests="2" name="Testcases.Login" time="4.097" errors="0" timestamp="16 Dec 2019 03:06:24 GMT" skipped="0">
  <testcase classname="Testcases.Login" name="clicksignin" time="2.261"/>
  <testcase classname="Testcases.Login" name="exslogin" time="1.836"/>
</testsuite> <!-- Testcases.Login -->
